2024/10/04 06:51:35 main.go:42: Starting server on :8080...
2024/10/04 06:54:25 server.go:41: Gracefully shutting down server...
2024/10/04 06:54:25 main.go:48: Server gracefully shutdown complete.
2024/10/04 06:54:28 main.go:42: Starting server on :8080...
2024/10/04 06:58:14 server.go:41: Gracefully shutting down server...
2024/10/04 06:59:55 main.go:42: Starting server on :8080...
2024/10/04 07:00:44 server.go:41: Gracefully shutting down server...
2024/10/04 07:00:44 main.go:48: Server gracefully shutdown complete.
2024/10/07 08:59:14 main.go:42: Starting server on :8080...
2024/10/07 09:05:27 server.go:41: Gracefully shutting down server...
2024/10/07 09:05:27 main.go:48: Server gracefully shutdown complete.
2024/10/07 09:05:42 main.go:42: Starting server on :8080...
2024/10/07 09:30:19 server.go:41: Gracefully shutting down server...
2024/10/07 09:30:19 main.go:48: Server gracefully shutdown complete.
2024/10/07 09:30:26 main.go:42: Starting server on :8080...
2024/10/07 09:58:24 server.go:41: Gracefully shutting down server...
2024/10/07 09:58:24 main.go:48: Server gracefully shutdown complete.
2024/10/07 12:07:58 main.go:42: Starting server on :8080...
2024/10/07 12:22:18 server.go:41: Gracefully shutting down server...
2024/10/07 12:22:18 main.go:48: Server gracefully shutdown complete.
2024/10/07 12:24:36 main.go:61: Starting server on :8080...
2024/10/21 22:07:13 server.go:23: Error setting up data handlers: Binary was compiled with 'CGO_ENABLED=0', go-sqlite3 requires cgo to work. This is a stub
2024/10/31 16:35:27 main.go:61: Starting server on :8080...
2024/10/31 18:09:30 server.go:41: Gracefully shutting down server...
2024/10/31 18:09:30 main.go:67: Server gracefully shutdown complete.
2024/12/20 22:10:41 main.go:61: Starting server on :8080...
2024/12/20 22:35:52 server.go:41: Gracefully shutting down server...
2024/12/20 22:35:52 main.go:67: Server gracefully shutdown complete.
2024/12/20 22:35:59 server.go:23: Error setting up data handlers: table data has no column named price
2024/12/20 22:36:37 server.go:23: Error setting up data handlers: table data has no column named serial_number
2024/12/20 22:38:30 server.go:23: Error setting up data handlers: table data has no column named serial_number
2024/12/20 22:43:05 server.go:23: Error setting up data handlers: 6 values for 7 columns
2024/12/20 22:45:31 main.go:61: Starting server on :8080...
2024/12/20 22:47:36 server.go:41: Gracefully shutting down server...
2024/12/20 22:47:36 main.go:67: Server gracefully shutdown complete.
2024/12/20 22:49:05 main.go:61: Starting server on :8080...
2024/12/20 22:49:08 server.go:41: Gracefully shutting down server...
2024/12/20 22:49:08 main.go:67: Server gracefully shutdown complete.
2024/12/20 22:49:15 main.go:61: Starting server on :8080...
2024/12/20 22:51:40 server.go:41: Gracefully shutting down server...
2024/12/20 22:51:40 main.go:67: Server gracefully shutdown complete.
2024/12/20 22:51:44 main.go:61: Starting server on :8080...
2024/12/20 23:35:29 server.go:41: Gracefully shutting down server...
2024/12/20 23:35:29 main.go:67: Server gracefully shutdown complete.
